2022-04-17 13:59:35,487  INFO [main] MavenKiteProjectv1:28 - Broswer is open
2022-04-17 13:59:45,179  INFO [main] MavenKiteProjectv1:31 - 02.Enter the Saucedemo Website
2022-04-17 13:59:45,580  INFO [main] MavenKiteProjectv1:34 - 03.Maximize the Browser
2022-04-17 13:59:46,285  INFO [main] MavenKiteProjectv1:40 - Enter the UserName
2022-04-17 13:59:46,678  INFO [main] MavenKiteProjectv1:43 - Enter the Password
2022-04-17 13:59:46,882  INFO [main] MavenKiteProjectv1:46 - Click the Login Button
2022-04-17 13:59:47,040  INFO [main] MavenKiteProjectv1:18 - test case TX01 is executed
2022-04-17 13:59:48,224  INFO [main] MavenKiteProjectv1:55 - closed the Browser
2022-04-23 22:43:52,222  INFO [main] MavenKiteProjectv1:28 - Broswer is open
2022-04-23 22:44:56,650  INFO [main] MavenKiteProjectv1:28 - Broswer is open
2022-04-23 22:45:06,745  INFO [main] MavenKiteProjectv1:31 - 02.Enter the Saucedemo Website
2022-04-23 22:45:07,666  INFO [main] MavenKiteProjectv1:34 - 03.Maximize the Browser
2022-04-23 22:45:08,056  INFO [main] MavenKiteProjectv1:40 - Enter the UserName
2022-04-23 22:45:08,265  INFO [main] MavenKiteProjectv1:43 - Enter the Password
2022-04-23 22:45:08,384  INFO [main] MavenKiteProjectv1:46 - Click the Login Button
2022-04-23 22:45:40,117  INFO [main] MavenKiteProjectv1:55 - closed the Browser
2022-04-23 23:02:26,606  INFO [main] MavenKiteProjectv1:28 - Broswer is open
2022-04-23 23:02:29,896  INFO [main] MavenKiteProjectv1:31 - 02.Enter the Saucedemo Website
2022-04-23 23:02:30,093  INFO [main] MavenKiteProjectv1:34 - 03.Maximize the Browser
2022-04-23 23:02:30,429  INFO [main] MavenKiteProjectv1:40 - Enter the UserName
2022-04-23 23:02:30,637  INFO [main] MavenKiteProjectv1:43 - Enter the Password
2022-04-23 23:02:30,787  INFO [main] MavenKiteProjectv1:46 - Click the Login Button
2022-04-23 23:03:11,384  INFO [main] MavenKiteProjectv1:28 - Broswer is open
2022-04-23 23:03:15,751  INFO [main] MavenKiteProjectv1:31 - 02.Enter the Saucedemo Website
2022-04-23 23:03:15,895  INFO [main] MavenKiteProjectv1:34 - 03.Maximize the Browser
2022-04-23 23:03:16,158  INFO [main] MavenKiteProjectv1:40 - Enter the UserName
2022-04-23 23:03:16,349  INFO [main] MavenKiteProjectv1:43 - Enter the Password
2022-04-23 23:03:16,492  INFO [main] MavenKiteProjectv1:46 - Click the Login Button
2022-04-23 23:04:13,759  INFO [main] MavenKiteProjectv1:28 - Broswer is open
2022-04-23 23:04:17,945  INFO [main] MavenKiteProjectv1:31 - 02.Enter the Saucedemo Website
2022-04-23 23:04:18,089  INFO [main] MavenKiteProjectv1:34 - 03.Maximize the Browser
2022-04-23 23:04:18,326  INFO [main] MavenKiteProjectv1:40 - Enter the UserName
2022-04-23 23:04:18,525  INFO [main] MavenKiteProjectv1:43 - Enter the Password
2022-04-23 23:04:18,655  INFO [main] MavenKiteProjectv1:46 - Click the Login Button
2022-04-23 23:05:04,561  INFO [main] MavenKiteProjectv1:28 - Broswer is open
2022-04-23 23:05:09,443  INFO [main] MavenKiteProjectv1:31 - 02.Enter the Saucedemo Website
2022-04-23 23:05:09,589  INFO [main] MavenKiteProjectv1:34 - 03.Maximize the Browser
2022-04-23 23:05:09,838  INFO [main] MavenKiteProjectv1:40 - Enter the UserName
2022-04-23 23:05:10,057  INFO [main] MavenKiteProjectv1:43 - Enter the Password
2022-04-23 23:05:10,214  INFO [main] MavenKiteProjectv1:46 - Click the Login Button
2022-04-23 23:07:31,685  INFO [main] MavenKiteProjectv1:28 - Broswer is open
2022-04-23 23:07:34,772  INFO [main] MavenKiteProjectv1:31 - 02.Enter the Saucedemo Website
2022-04-23 23:07:34,950  INFO [main] MavenKiteProjectv1:34 - 03.Maximize the Browser
2022-04-23 23:07:35,466  INFO [main] MavenKiteProjectv1:40 - Enter the UserName
2022-04-23 23:07:35,684  INFO [main] MavenKiteProjectv1:43 - Enter the Password
2022-04-23 23:07:35,793  INFO [main] MavenKiteProjectv1:46 - Click the Login Button
